Environment at start of build:
ALLUSERSPROFILE = C:\ProgramData
APPDATA = C:\Users\THINKPAD\AppData\Roaming
CommonProgramFiles = C:\Program Files (x86)\Common Files
CommonProgramFiles(x86) = C:\Program Files (x86)\Common Files
CommonProgramW6432 = C:\Program Files\Common Files
COMPLUS_InstallRoot = 
COMPLUS_Version = 
COMPUTERNAME = DESKTOP-CES9NRJ
ComSpec = C:\Windows\system32\cmd.exe
DriverData = C:\Windows\System32\Drivers\DriverData
FPS_BROWSER_APP_PROFILE_STRING = Internet Explorer
FPS_BROWSER_USER_PROFILE_STRING = Default
HOMEDRIVE = C:
HOMEPATH = \Users\THINKPAD
LOCALAPPDATA = C:\Users\THINKPAD\AppData\Local
LOGONSERVER = \\DESKTOP-CES9NRJ
MSBuildLoadMicrosoftTargetsReadOnly = true
NUMBER_OF_PROCESSORS = 8
OneDrive = C:\Users\THINKPAD\OneDrive
OneDriveConsumer = C:\Users\THINKPAD\OneDrive
OS = Windows_NT
Path = C:\Program Files (x86)\Common Files\Oracle\Java\javapath;C:\Windows\system32;C:\Windows;C:\Windows\System32\Wbem;C:\Windows\System32\WindowsPowerShell\v1.0\;C:\Windows\System32\OpenSSH\;C:\msys64\mingw64\bin;C:\Program Files\MATLAB\R2016b\runtime\win64;C:\Program Files\MATLAB\R2016b\bin;C:\Program Files\MATLAB\R2016b\polyspace\bin;C:\Users\THINKPAD\AppData\Local\Microsoft\WindowsApps;C:\Users\THINKPAD\AppData\Local\Programs\Microsoft VS Code\bin;C:\Users\THINKPAD\AppData\Local\Programs\MiKTeX\miktex\bin\x64\
PATHEXT = .COM;.EXE;.BAT;.CMD;.VBS;.VBE;.JS;.JSE;.WSF;.WSH;.MSC
PkgDefApplicationConfigFile = C:\Users\THINKPAD\AppData\Local\Microsoft\VisualStudio\16.0_65bcd9c7\devenv.exe.config
PROCESSOR_ARCHITECTURE = x86
PROCESSOR_ARCHITEW6432 = AMD64
PROCESSOR_IDENTIFIER = Intel64 Family 6 Model 140 Stepping 1, GenuineIntel
PROCESSOR_LEVEL = 6
PROCESSOR_REVISION = 8c01
ProgramData = C:\ProgramData
ProgramFiles = C:\Program Files (x86)
ProgramFiles(x86) = C:\Program Files (x86)
ProgramW6432 = C:\Program Files
PSModulePath = C:\Program Files\WindowsPowerShell\Modules;C:\Windows\system32\WindowsPowerShell\v1.0\Modules
PUBLIC = C:\Users\Public
ServiceHubLogSessionKey = 672480A5
SESSIONNAME = Console
SystemDrive = C:
SystemRoot = C:\Windows
TEMP = C:\Users\THINKPAD\AppData\Local\Temp
ThreadedWaitDialogDpiContext = -4
TMP = C:\Users\THINKPAD\AppData\Local\Temp
USERDOMAIN = DESKTOP-CES9NRJ
USERDOMAIN_ROAMINGPROFILE = DESKTOP-CES9NRJ
USERNAME = THINKPAD
USERPROFILE = C:\Users\THINKPAD
VisualStudioDir = C:\Users\THINKPAD\Documents\Visual Studio 2019
VisualStudioEdition = Microsoft Visual Studio Community 2019
VisualStudioVersion = 16.0
VSAPPIDDIR = C:\Program Files (x86)\Microsoft Visual Studio\2019\Community\Common7\IDE\
VSAPPIDNAME = devenv.exe
VSLANG = 1033
VSSKUEDITION = Community
windir = C:\Windows
ZES_ENABLE_SYSMAN = 1

  main.cpp
D:\Cơ sở ngành\Cấu trúc dữ liệu và giải thuật\Assignment 2\BTL2\BTL2\ConcatStringTree.h(202,15): warning C4244: 'initializing': conversion from '__int64' to 'int', possible loss of data
D:\Cơ sở ngành\Cấu trúc dữ liệu và giải thuật\Assignment 2\BTL2\BTL2\ConcatStringTree.h(335,31): warning C4018: '<': signed/unsigned mismatch
D:\Cơ sở ngành\Cấu trúc dữ liệu và giải thuật\Assignment 2\BTL2\BTL2\ConcatStringTree.h(406,49): warning C4244: 'argument': conversion from '__int64' to 'int', possible loss of data
D:\Cơ sở ngành\Cấu trúc dữ liệu và giải thuật\Assignment 2\BTL2\BTL2\ConcatStringTree.h(407,50): warning C4244: 'argument': conversion from '__int64' to 'int', possible loss of data
D:\Cơ sở ngành\Cấu trúc dữ liệu và giải thuật\Assignment 2\BTL2\BTL2\ConcatStringTree.h(432,66): warning C4244: 'argument': conversion from '__int64' to 'int', possible loss of data
D:\Cơ sở ngành\Cấu trúc dữ liệu và giải thuật\Assignment 2\BTL2\BTL2\ConcatStringTree.h(441,67): warning C4244: 'argument': conversion from '__int64' to 'int', possible loss of data
D:\Cơ sở ngành\Cấu trúc dữ liệu và giải thuật\Assignment 2\BTL2\BTL2\ConcatStringTree.h(447,66): warning C4244: 'argument': conversion from '__int64' to 'int', possible loss of data
D:\Cơ sở ngành\Cấu trúc dữ liệu và giải thuật\Assignment 2\BTL2\BTL2\ConcatStringTree.h(450,67): warning C4244: 'argument': conversion from '__int64' to 'int', possible loss of data
D:\Cơ sở ngành\Cấu trúc dữ liệu và giải thuật\Assignment 2\BTL2\BTL2\ConcatStringTree.h(474,70): warning C4244: 'argument': conversion from '__int64' to 'int', possible loss of data
D:\Cơ sở ngành\Cấu trúc dữ liệu và giải thuật\Assignment 2\BTL2\BTL2\ConcatStringTree.h(483,71): warning C4244: 'argument': conversion from '__int64' to 'int', possible loss of data
D:\Cơ sở ngành\Cấu trúc dữ liệu và giải thuật\Assignment 2\BTL2\BTL2\ConcatStringTree.h(488,70): warning C4244: 'argument': conversion from '__int64' to 'int', possible loss of data
D:\Cơ sở ngành\Cấu trúc dữ liệu và giải thuật\Assignment 2\BTL2\BTL2\ConcatStringTree.h(490,71): warning C4244: 'argument': conversion from '__int64' to 'int', possible loss of data
D:\Cơ sở ngành\Cấu trúc dữ liệu và giải thuật\Assignment 2\BTL2\BTL2\ConcatStringTree.h(507,74): warning C4244: 'argument': conversion from '__int64' to 'int', possible loss of data
D:\Cơ sở ngành\Cấu trúc dữ liệu và giải thuật\Assignment 2\BTL2\BTL2\ConcatStringTree.h(513,75): warning C4244: 'argument': conversion from '__int64' to 'int', possible loss of data
D:\Cơ sở ngành\Cấu trúc dữ liệu và giải thuật\Assignment 2\BTL2\BTL2\ConcatStringTree.h(533,71): warning C4244: 'argument': conversion from '__int64' to 'int', possible loss of data
D:\Cơ sở ngành\Cấu trúc dữ liệu và giải thuật\Assignment 2\BTL2\BTL2\ConcatStringTree.h(541,70): warning C4244: 'argument': conversion from '__int64' to 'int', possible loss of data
D:\Cơ sở ngành\Cấu trúc dữ liệu và giải thuật\Assignment 2\BTL2\BTL2\ConcatStringTree.h(544,71): warning C4244: 'argument': conversion from '__int64' to 'int', possible loss of data
D:\Cơ sở ngành\Cấu trúc dữ liệu và giải thuật\Assignment 2\BTL2\BTL2\ConcatStringTree.h(555,78): warning C4244: 'argument': conversion from '__int64' to 'int', possible loss of data
D:\Cơ sở ngành\Cấu trúc dữ liệu và giải thuật\Assignment 2\BTL2\BTL2\ConcatStringTree.h(561,79): warning C4244: 'argument': conversion from '__int64' to 'int', possible loss of data
D:\Cơ sở ngành\Cấu trúc dữ liệu và giải thuật\Assignment 2\BTL2\BTL2\ConcatStringTree.h(581,74): warning C4244: 'argument': conversion from '__int64' to 'int', possible loss of data
D:\Cơ sở ngành\Cấu trúc dữ liệu và giải thuật\Assignment 2\BTL2\BTL2\ConcatStringTree.h(588,74): warning C4244: 'argument': conversion from '__int64' to 'int', possible loss of data
D:\Cơ sở ngành\Cấu trúc dữ liệu và giải thuật\Assignment 2\BTL2\BTL2\ConcatStringTree.h(590,75): warning C4244: 'argument': conversion from '__int64' to 'int', possible loss of data
D:\Cơ sở ngành\Cấu trúc dữ liệu và giải thuật\Assignment 2\BTL2\BTL2\ConcatStringTree.h(630,63): warning C4244: 'argument': conversion from '__int64' to 'int', possible loss of data
D:\Cơ sở ngành\Cấu trúc dữ liệu và giải thuật\Assignment 2\BTL2\BTL2\ConcatStringTree.h(635,62): warning C4244: 'argument': conversion from '__int64' to 'int', possible loss of data
D:\Cơ sở ngành\Cấu trúc dữ liệu và giải thuật\Assignment 2\BTL2\BTL2\ConcatStringTree.h(697,43): warning C4244: 'argument': conversion from '__int64' to 'int', possible loss of data
  BTL2.vcxproj -> D:\Cơ sở ngành\Cấu trúc dữ liệu và giải thuật\Assignment 2\BTL2\Debug\BTL2.exe

Project Performance Summary:
      680 ms  D:\Cơ sở ngành\Cấu trúc dữ liệu và giải thuật\Assignment 2\BTL2\BTL2\BTL2.vcxproj   1 calls
                680 ms  Build                                      1 calls

Target Performance Summary:
        0 ms  AfterBuildCompileEvent                     1 calls
        0 ms  _Manifest                                  1 calls
        0 ms  _ALink                                     1 calls
        0 ms  _Link                                      1 calls
        0 ms  AfterLink                                  1 calls
        0 ms  ComputeLinkImportLibraryOutputsForClean    1 calls
        0 ms  ComputeLinkSwitches                        1 calls
        0 ms  PreLinkEvent                               1 calls
        0 ms  MakeDirsForLink                            1 calls
        0 ms  PrepareResourceNames                       1 calls
        0 ms  CreateCustomManifestResourceNames          1 calls
        0 ms  SplitResourcesByCulture                    1 calls
        0 ms  RegisterOutput                             1 calls
        0 ms  ComputeManifestInputsTargets               1 calls
        0 ms  ComputeCLGeneratedLinkInputs               1 calls
        0 ms  ComputeCLOutputs                           1 calls
        0 ms  ComputeManifestGeneratedLinkerInputs       1 calls
        0 ms  ComputeRCGeneratedLinkInputs               1 calls
        0 ms  ComputeRCOutputs                           1 calls
        0 ms  BeforeLink                                 1 calls
        0 ms  ComputeLegacyManifestEmbedding             1 calls
        0 ms  BuildCompile                               1 calls
        0 ms  _BuildCompileAction                        1 calls
        0 ms  _ResourceCompile                           1 calls
        0 ms  AfterResourceCompile                       1 calls
        0 ms  ComputeLinkInputsFromProject               1 calls
        0 ms  MakeDirsForResourceCompile                 1 calls
        0 ms  ResolvedXDCMake                            1 calls
        0 ms  _XdcMake                                   1 calls
        0 ms  IncrementalClean                           1 calls
        0 ms  AfterBuild                                 1 calls
        0 ms  BuildLink                                  1 calls
        0 ms  _BuildLinkAction                           1 calls
        0 ms  PostBuildEvent                             1 calls
        0 ms  PrepareForRun                              1 calls
        0 ms  CopyFilesToOutputDirectory                 1 calls
        0 ms  _CheckForCompileOutputs                    1 calls
        0 ms  _CopySourceItemsToOutputDirectory          1 calls
        0 ms  _GetCopyToOutputDirectoryItemsFromThisProject   1 calls
        0 ms  GetCopyToOutputDirectoryXamlAppDefs        1 calls
        0 ms  MakeDirsForXdcMake                         1 calls
        0 ms  _PopulateCommonStateForGetCopyToOutputDirectoryItems   1 calls
        0 ms  _Appverifier                               1 calls
        0 ms  CreateSatelliteAssemblies                  1 calls
        0 ms  _GenerateSatelliteAssemblyInputs           1 calls
        0 ms  CreateRecipeFile                           1 calls
        0 ms  ContentFilesProjectOutputGroup             1 calls
        0 ms  MakeDirsForFxc                             1 calls
        0 ms  SatelliteDllsProjectOutputGroup            1 calls
        0 ms  BuiltProjectOutputGroup                    1 calls
        0 ms  _BscMake                                   1 calls
        0 ms  MakeDirsForBscMake                         1 calls
        0 ms  ComputeCLCompileGeneratedSbrFiles          1 calls
        0 ms  _Deploy                                    1 calls
        0 ms  BeforeResourceCompile                      1 calls
        0 ms  Build                                      1 calls
        0 ms  AfterClCompile                             1 calls
        0 ms  _SelectedFiles                             1 calls
        0 ms  _ClCompile                                 1 calls
        0 ms  BeforeBuildGenerateSources                 1 calls
        0 ms  BuildGenerateSourcesTraverse               1 calls
        0 ms  ResolveReferences                          1 calls
        0 ms  AfterResolveReferences                     1 calls
        0 ms  ResolveAssemblyReferences                  1 calls
        0 ms  ExpandSDKReferences                        1 calls
        0 ms  ResolveSDKReferences                       1 calls
        0 ms  SetCABuildNativeEnvironmentVariables       1 calls
        0 ms  _CheckWindowsSDKInstalled                  1 calls
        0 ms  SelectCustomBuild                          1 calls
        0 ms  GetResolvedWinMD                           1 calls
        0 ms  AddExternalIncludDirectoriesToPaths        1 calls
        0 ms  GetReferenceAssemblyPaths                  1 calls
        0 ms  GetFrameworkPaths                          1 calls
        0 ms  ResolveProjectReferences                   1 calls
        0 ms  PrepareProjectReferences                   1 calls
        0 ms  _AddOutputPathToGlobalPropertiesToRemove   1 calls
        0 ms  _SplitProjectReferencesByFileExistence     1 calls
        0 ms  AssignProjectConfiguration                 1 calls
        0 ms  BeforeResolveReferences                    1 calls
        0 ms  _PrepareForReferenceResolution             1 calls
        0 ms  _PrepareForBuild                           1 calls
        0 ms  SetBuildDefaultEnvironmentVariables        1 calls
        0 ms  ComputeCustomBuildOutput                   1 calls
        0 ms  PreBuildEvent                              1 calls
        0 ms  CopyFileToFolders                          1 calls
        0 ms  SelectClCompile                            1 calls
        0 ms  MakeDirsForCl                              1 calls
        0 ms  WarnCompileDuplicatedFilename              1 calls
        0 ms  ComputeReferenceCLInput                    1 calls
        0 ms  GetReferencedVCProjectsInfo                1 calls
        0 ms  FindReferenceAssembliesForReferences       1 calls
        0 ms  ComputeCLInputPDBName                      1 calls
        0 ms  CustomBuild                                1 calls
        0 ms  BuildCompileTraverse                       1 calls
        0 ms  BuildGenerateSources                       1 calls
        0 ms  _BuildGenerateSourcesAction                1 calls
        0 ms  BeforeClCompile                            1 calls
        0 ms  MakeDirsForMidl                            1 calls
        0 ms  AfterBuildGenerateSourcesEvent             1 calls
        0 ms  AfterBuildGenerateSources                  1 calls
        0 ms  _Midl                                      1 calls
        0 ms  AfterMidl                                  1 calls
        0 ms  _Xsd                                       1 calls
        1 ms  _CheckForInvalidConfigurationAndPlatform   1 calls
        1 ms  BuildLinkTraverse                          1 calls
        1 ms  ComputeCLCompileGeneratedXDCFiles          1 calls
        1 ms  AssignTargetPaths                          1 calls
        1 ms  GetCopyToOutputDirectoryItems              1 calls
        1 ms  _GetCopyToOutputDirectoryItemsFromTransitiveProjectReferences   1 calls
        1 ms  _GetProjectReferenceTargetFrameworkProperties   1 calls
        1 ms  _CleanGetCurrentAndPriorFileWrites         1 calls
        1 ms  SetTelemetryEnvironmentVariables           1 calls
        1 ms  FinalizeBuildStatus                        1 calls
        1 ms  FixupCLCompileOptions                      1 calls
        1 ms  InitializeBuildStatus                      1 calls
        1 ms  DoLinkOutputFilesMatch                     1 calls
        1 ms  ComputeMIDLGeneratedCompileInputs          1 calls
        2 ms  PrepareForBuild                            1 calls
      109 ms  Link                                       1 calls
      553 ms  ClCompile                                  1 calls

Task Performance Summary:
        0 ms  Message                                    3 calls
        0 ms  FindUnderPath                              5 calls
        0 ms  ConvertToAbsolutePath                      1 calls
        0 ms  GenerateDesktopDeployRecipe                1 calls
        0 ms  CreateItem                                 2 calls
        0 ms  AssignCulture                              1 calls
        0 ms  RemoveDuplicates                           2 calls
        0 ms  GetOutOfDateItems                          3 calls
        0 ms  Delete                                     2 calls
        0 ms  WriteLinesToFile                           1 calls
        0 ms  CheckVCToolsetVersion                      1 calls
        0 ms  MakeDir                                   10 calls
        0 ms  MSBuild                                    1 calls
        0 ms  AssignProjectConfiguration                 1 calls
        1 ms  AssignTargetPath                           7 calls
        1 ms  CallTarget                                 2 calls
        1 ms  SetEnv                                     9 calls
        1 ms  Touch                                      2 calls
        1 ms  ReadLinesFromFile                          2 calls
      109 ms  Link                                       1 calls
      552 ms  CL                                         1 calls
